<?xml version="1.0" encoding="UTF-8"?>
<!-- Generated by org.testng.reporters.JUnitXMLReporter -->
<testsuite hostname="DESKTOP-S5IJR1Q" ignored="1" name="Default test" tests="1" failures="0" timestamp="2021-06-30T02:38:36 IST" time="0.067" errors="0">
  <testcase name="@BeforeClass preConditions" time="-1.625000916257E9" classname="com.qadiaries.generic.BasicLib">
    <failure type="org.testng.TestNGException" message="
Parameter &amp;apos;browser&amp;apos; is required by BeforeClass on method preConditions but has not been marked @Optional or defined
in C:\Users\Sandeep\AppData\Local\Temp\testng-eclipse-1431953640\testng-customsuite.xml">
      <![CDATA[org.testng.TestNGException: 
Parameter 'browser' is required by BeforeClass on method preConditions but has not been marked @Optional or defined
in C:\Users\Sandeep\AppData\Local\Temp\testng-eclipse-1431953640\testng-customsuite.xml
at org.testng.internal.Parameters.createParams(Parameters.java:270)
at org.testng.internal.Parameters.createParametersForMethod(Parameters.java:358)
at org.testng.internal.Parameters.createParameters(Parameters.java:700)
at org.testng.internal.Parameters.createConfigurationParameters(Parameters.java:168)
at org.testng.internal.ConfigInvoker.invokeConfigurations(ConfigInvoker.java:302)
at org.testng.internal.TestMethodWorker.invokeBeforeClassMethods(TestMethodWorker.java:176)
at org.testng.internal.TestMethodWorker.run(TestMethodWorker.java:122)
at java.util.ArrayList.forEach(ArrayList.java:1249)
at org.testng.TestRunner.privateRun(TestRunner.java:794)
at org.testng.TestRunner.run(TestRunner.java:596)
at org.testng.SuiteRunner.runTest(SuiteRunner.java:377)
at org.testng.SuiteRunner.runSequentially(SuiteRunner.java:371)
at org.testng.SuiteRunner.privateRun(SuiteRunner.java:332)
at org.testng.SuiteRunner.run(SuiteRunner.java:276)
at org.testng.SuiteRunnerWorker.runSuite(SuiteRunnerWorker.java:53)
at org.testng.SuiteRunnerWorker.run(SuiteRunnerWorker.java:96)
at org.testng.TestNG.runSuitesSequentially(TestNG.java:1212)
at org.testng.TestNG.runSuitesLocally(TestNG.java:1134)
at org.testng.TestNG.runSuites(TestNG.java:1063)
at org.testng.TestNG.run(TestNG.java:1031)
at org.testng.remote.AbstractRemoteTestNG.run(AbstractRemoteTestNG.java:115)
at org.testng.remote.RemoteTestNG.initAndRun(RemoteTestNG.java:251)
at org.testng.remote.RemoteTestNG.main(RemoteTestNG.java:77)
]]>
    </failure>
  </testcase> <!-- @BeforeClass preConditions -->
  <testcase name="@AfterMethod postConditions" time="-1.625000916295E9" classname="com.qadiaries.generic.BasicLib">
    <skipped/>
  </testcase> <!-- @AfterMethod postConditions -->
  <testcase name="tc1_validateNumber" time="0.0" classname="com.qadiaries.scripts.Home">
    <skipped/>
  </testcase> <!-- tc1_validateNumber -->
  <testcase name="script1" time="0.0" classname="com.qadiaries.scripts.Home">
    <ignored/>
  </testcase> <!-- script1 -->
</testsuite> <!-- Default test -->
